12:08:38 **** Incremental Build of configuration Debug for project semgdaq ****
make -j8 all 
arm-none-eabi-gcc "../Core/Src/_ADCn_INx_MA.c" -mcpu=cortex-m4 -std=gnu11 -g3 -DDEBUG -DARM_MATH_CM4 -DUSE_HAL_DRIVER -DSTM32G4A1xx -c -I../Core/Inc -I"C:/Users/moshte/Desktop/moshte/Firmware projects/CubeIDE/Workspace/semgdaq_/Firmware/semgdaq/Drivers/CMSIS/DSP/Include" -I../Drivers/STM32G4xx_HAL_Driver/Inc -I../Drivers/STM32G4xx_HAL_Driver/Inc/Legacy -I../Drivers/CMSIS/Device/ST/STM32G4xx/Include -I../Drivers/CMSIS/Include -O0 -ffunction-sections -fdata-sections -Wall -fstack-usage -fcyclomatic-complexity -MMD -MP -MF"Core/Src/_ADCn_INx_MA.d" -MT"Core/Src/_ADCn_INx_MA.o" --specs=nano.specs -mfpu=fpv4-sp-d16 -mfloat-abi=hard -mthumb -o "Core/Src/_ADCn_INx_MA.o"
../Core/Src/_ADCn_INx_MA.c: In function 'MA_ADC1_IN1_Update':
../Core/Src/_ADCn_INx_MA.c:47:16: error: 'i' undeclared (first use in this function)
   47 |         OutBfr[i] = 0;
      |                ^
../Core/Src/_ADCn_INx_MA.c:47:16: note: each undeclared identifier is reported only once for each function it appears in
../Core/Src/_ADCn_INx_MA.c:49:17: warning: unused variable 'SumIndex' [-Wunused-variable]
   49 |         uint8_t SumIndex = ADC1_IN1_MA_ptr->MA_ADC1_IN1_bfr_indx;
      |                 ^~~~~~~~
../Core/Src/_ADCn_INx_MA.c:54:1: warning: control reaches end of non-void function [-Wreturn-type]
   54 | }
      | ^
make: *** [Core/Src/subdir.mk:43: Core/Src/_ADCn_INx_MA.o] Error 1
"make -j8 all" terminated with exit code 2. Build might be incomplete.
12:08:47 **** Incremental Build of configuration Debug for project semgdaq ****
make -j8 all 
arm-none-eabi-gcc "../Core/Src/_ADCn_INx_MA.c" -mcpu=cortex-m4 -std=gnu11 -g3 -DDEBUG -DARM_MATH_CM4 -DUSE_HAL_DRIVER -DSTM32G4A1xx -c -I../Core/Inc -I"C:/Users/moshte/Desktop/moshte/Firmware projects/CubeIDE/Workspace/semgdaq_/Firmware/semgdaq/Drivers/CMSIS/DSP/Include" -I../Drivers/STM32G4xx_HAL_Driver/Inc -I../Drivers/STM32G4xx_HAL_Driver/Inc/Legacy -I../Drivers/CMSIS/Device/ST/STM32G4xx/Include -I../Drivers/CMSIS/Include -O0 -ffunction-sections -fdata-sections -Wall -fstack-usage -fcyclomatic-complexity -MMD -MP -MF"Core/Src/_ADCn_INx_MA.d" -MT"Core/Src/_ADCn_INx_MA.o" --specs=nano.specs -mfpu=fpv4-sp-d16 -mfloat-abi=hard -mthumb -o "Core/Src/_ADCn_INx_MA.o"
../Core/Src/_ADCn_INx_MA.c: In function 'MA_ADC1_IN1_Update':
../Core/Src/_ADCn_INx_MA.c:49:17: warning: unused variable 'SumIndex' [-Wunused-variable]
   49 |         uint8_t SumIndex = ADC1_IN1_MA_ptr->MA_ADC1_IN1_bfr_indx;
      |                 ^~~~~~~~
../Core/Src/_ADCn_INx_MA.c:54:1: warning: control reaches end of non-void function [-Wreturn-type]
   54 | }
      | ^
arm-none-eabi-gcc -o "semgdaq.elf" @"objects.list"  -larm_cortexM4lf_math -mcpu=cortex-m4 -T"C:\Users\moshte\Desktop\moshte\Firmware projects\CubeIDE\Workspace\semgdaq_\Firmware\semgdaq\STM32G4A1VETX_FLASH.ld" --specs=nosys.specs -Wl,-Map="semgdaq.map" -Wl,--gc-sections -static -L"C:\Users\moshte\Desktop\moshte\Firmware projects\CubeIDE\Workspace\semgdaq_\Firmware\semgdaq\Drivers\CMSIS\Lib\GCC" --specs=nano.specs -mfpu=fpv4-sp-d16 -mfloat-abi=hard -mthumb -Wl,--start-group -lc -lm -Wl,--end-group
Finished building target: semgdaq.elf
 
arm-none-eabi-size  semgdaq.elf 
arm-none-eabi-objdump -h -S semgdaq.elf  > "semgdaq.list"
   text	   data	    bss	    dec	    hex	filename
  21388	  30812	   2580	  54780	   d5fc	semgdaq.elf
Finished building: default.size.stdout
 
Finished building: semgdaq.list
 
12:18:51 **** Incremental Build of configuration Debug for project semgdaq ****
make -j8 all 
arm-none-eabi-gcc "../Core/Src/_ADCn_INx_MA.c" -mcpu=cortex-m4 -std=gnu11 -g3 -DDEBUG -DARM_MATH_CM4 -DUSE_HAL_DRIVER -DSTM32G4A1xx -c -I../Core/Inc -I"C:/Users/moshte/Desktop/moshte/Firmware projects/CubeIDE/Workspace/semgdaq_/Firmware/semgdaq/Drivers/CMSIS/DSP/Include" -I../Drivers/STM32G4xx_HAL_Driver/Inc -I../Drivers/STM32G4xx_HAL_Driver/Inc/Legacy -I../Drivers/CMSIS/Device/ST/STM32G4xx/Include -I../Drivers/CMSIS/Include -O0 -ffunction-sections -fdata-sections -Wall -fstack-usage -fcyclomatic-complexity -MMD -MP -MF"Core/Src/_ADCn_INx_MA.d" -MT"Core/Src/_ADCn_INx_MA.o" --specs=nano.specs -mfpu=fpv4-sp-d16 -mfloat-abi=hard -mthumb -o "Core/Src/_ADCn_INx_MA.o"
../Core/Src/_ADCn_INx_MA.c: In function 'MA_ADC1_IN1_Update':
../Core/Src/_ADCn_INx_MA.c:53:21: error: 'sumIndex' undeclared (first use in this function); did you mean 'SumIndex'?
   53 |                 if (sumIndex > 0)
      |                     ^~~~~~~~
      |                     SumIndex
../Core/Src/_ADCn_INx_MA.c:53:21: note: each undeclared identifier is reported only once for each function it appears in
../Core/Src/_ADCn_INx_MA.c:64:16: error: 'i' undeclared (first use in this function)
   64 |         OutBfr[i] +=  MA_IMPULSERESPONSE[i] * fir->buf[sumIndex];
      |                ^
../Core/Src/_ADCn_INx_MA.c:64:47: error: 'fir' undeclared (first use in this function)
   64 |         OutBfr[i] +=  MA_IMPULSERESPONSE[i] * fir->buf[sumIndex];
      |                                               ^~~
../Core/Src/_ADCn_INx_MA.c:49:17: warning: unused variable 'SumIndex' [-Wunused-variable]
   49 |         uint8_t SumIndex = ADC1_IN1_MA_ptr->MA_ADC1_IN1_bfr_indx;
      |                 ^~~~~~~~
../Core/Src/_ADCn_INx_MA.c:69:1: warning: control reaches end of non-void function [-Wreturn-type]
   69 | }
      | ^
make: *** [Core/Src/subdir.mk:43: Core/Src/_ADCn_INx_MA.o] Error 1
"make -j8 all" terminated with exit code 2. Build might be incomplete.
12:19:37 **** Incremental Build of configuration Debug for project semgdaq ****
make -j8 all 
arm-none-eabi-gcc "../Core/Src/_ADCn_INx_MA.c" -mcpu=cortex-m4 -std=gnu11 -g3 -DDEBUG -DARM_MATH_CM4 -DUSE_HAL_DRIVER -DSTM32G4A1xx -c -I../Core/Inc -I"C:/Users/moshte/Desktop/moshte/Firmware projects/CubeIDE/Workspace/semgdaq_/Firmware/semgdaq/Drivers/CMSIS/DSP/Include" -I../Drivers/STM32G4xx_HAL_Driver/Inc -I../Drivers/STM32G4xx_HAL_Driver/Inc/Legacy -I../Drivers/CMSIS/Device/ST/STM32G4xx/Include -I../Drivers/CMSIS/Include -O0 -ffunction-sections -fdata-sections -Wall -fstack-usage -fcyclomatic-complexity -MMD -MP -MF"Core/Src/_ADCn_INx_MA.d" -MT"Core/Src/_ADCn_INx_MA.o" --specs=nano.specs -mfpu=fpv4-sp-d16 -mfloat-abi=hard -mthumb -o "Core/Src/_ADCn_INx_MA.o"
../Core/Src/_ADCn_INx_MA.c: In function 'MA_ADC1_IN1_Update':
../Core/Src/_ADCn_INx_MA.c:53:21: error: 'sumIndex' undeclared (first use in this function); did you mean 'SumIndex'?
   53 |                 if (sumIndex > 0)
      |                     ^~~~~~~~
      |                     SumIndex
../Core/Src/_ADCn_INx_MA.c:53:21: note: each undeclared identifier is reported only once for each function it appears in
../Core/Src/_ADCn_INx_MA.c:64:16: error: 'i' undeclared (first use in this function)
   64 |         OutBfr[i] +=  MA_IMPULSERESPONSE[i] * ADC1_IN1_MA_ptr->MA_ADC1_IN1_bfr[sumIndex];
      |                ^
../Core/Src/_ADCn_INx_MA.c:49:17: warning: unused variable 'SumIndex' [-Wunused-variable]
   49 |         uint8_t SumIndex = ADC1_IN1_MA_ptr->MA_ADC1_IN1_bfr_indx;
      |                 ^~~~~~~~
../Core/Src/_ADCn_INx_MA.c:69:1: warning: control reaches end of non-void function [-Wreturn-type]
   69 | }
      | ^
make: *** [Core/Src/subdir.mk:43: Core/Src/_ADCn_INx_MA.o] Error 1
"make -j8 all" terminated with exit code 2. Build might be incomplete.
12:19:57 **** Incremental Build of configuration Debug for project semgdaq ****
make -j8 all 
arm-none-eabi-gcc "../Core/Src/_ADCn_INx_MA.c" -mcpu=cortex-m4 -std=gnu11 -g3 -DDEBUG -DARM_MATH_CM4 -DUSE_HAL_DRIVER -DSTM32G4A1xx -c -I../Core/Inc -I"C:/Users/moshte/Desktop/moshte/Firmware projects/CubeIDE/Workspace/semgdaq_/Firmware/semgdaq/Drivers/CMSIS/DSP/Include" -I../Drivers/STM32G4xx_HAL_Driver/Inc -I../Drivers/STM32G4xx_HAL_Driver/Inc/Legacy -I../Drivers/CMSIS/Device/ST/STM32G4xx/Include -I../Drivers/CMSIS/Include -O0 -ffunction-sections -fdata-sections -Wall -fstack-usage -fcyclomatic-complexity -MMD -MP -MF"Core/Src/_ADCn_INx_MA.d" -MT"Core/Src/_ADCn_INx_MA.o" --specs=nano.specs -mfpu=fpv4-sp-d16 -mfloat-abi=hard -mthumb -o "Core/Src/_ADCn_INx_MA.o"
../Core/Src/_ADCn_INx_MA.c: In function 'MA_ADC1_IN1_Update':
../Core/Src/_ADCn_INx_MA.c:53:21: error: 'sumIndex' undeclared (first use in this function); did you mean 'SumIndex'?
   53 |                 if (sumIndex > 0)
      |                     ^~~~~~~~
      |                     SumIndex
../Core/Src/_ADCn_INx_MA.c:53:21: note: each undeclared identifier is reported only once for each function it appears in
../Core/Src/_ADCn_INx_MA.c:49:17: warning: unused variable 'SumIndex' [-Wunused-variable]
   49 |         uint8_t SumIndex = ADC1_IN1_MA_ptr->MA_ADC1_IN1_bfr_indx;
      |                 ^~~~~~~~
../Core/Src/_ADCn_INx_MA.c:69:1: warning: control reaches end of non-void function [-Wreturn-type]
   69 | }
      | ^
make: *** [Core/Src/subdir.mk:43: Core/Src/_ADCn_INx_MA.o] Error 1
"make -j8 all" terminated with exit code 2. Build might be incomplete.
12:20:12 **** Incremental Build of configuration Debug for project semgdaq ****
make -j8 all 
arm-none-eabi-gcc "../Core/Src/_ADCn_INx_MA.c" -mcpu=cortex-m4 -std=gnu11 -g3 -DDEBUG -DARM_MATH_CM4 -DUSE_HAL_DRIVER -DSTM32G4A1xx -c -I../Core/Inc -I"C:/Users/moshte/Desktop/moshte/Firmware projects/CubeIDE/Workspace/semgdaq_/Firmware/semgdaq/Drivers/CMSIS/DSP/Include" -I../Drivers/STM32G4xx_HAL_Driver/Inc -I../Drivers/STM32G4xx_HAL_Driver/Inc/Legacy -I../Drivers/CMSIS/Device/ST/STM32G4xx/Include -I../Drivers/CMSIS/Include -O0 -ffunction-sections -fdata-sections -Wall -fstack-usage -fcyclomatic-complexity -MMD -MP -MF"Core/Src/_ADCn_INx_MA.d" -MT"Core/Src/_ADCn_INx_MA.o" --specs=nano.specs -mfpu=fpv4-sp-d16 -mfloat-abi=hard -mthumb -o "Core/Src/_ADCn_INx_MA.o"
../Core/Src/_ADCn_INx_MA.c: In function 'MA_ADC1_IN1_Update':
../Core/Src/_ADCn_INx_MA.c:64:80: error: 'sumIndex' undeclared (first use in this function); did you mean 'SumIndex'?
   64 |         OutBfr[u] +=  MA_IMPULSERESPONSE[u] * ADC1_IN1_MA_ptr->MA_ADC1_IN1_bfr[sumIndex];
      |                                                                                ^~~~~~~~
      |                                                                                SumIndex
../Core/Src/_ADCn_INx_MA.c:64:80: note: each undeclared identifier is reported only once for each function it appears in
../Core/Src/_ADCn_INx_MA.c:69:1: warning: control reaches end of non-void function [-Wreturn-type]
   69 | }
      | ^
make: *** [Core/Src/subdir.mk:43: Core/Src/_ADCn_INx_MA.o] Error 1
"make -j8 all" terminated with exit code 2. Build might be incomplete.
12:20:26 **** Incremental Build of configuration Debug for project semgdaq ****
make -j8 all 
arm-none-eabi-gcc "../Core/Src/_ADCn_INx_MA.c" -mcpu=cortex-m4 -std=gnu11 -g3 -DDEBUG -DARM_MATH_CM4 -DUSE_HAL_DRIVER -DSTM32G4A1xx -c -I../Core/Inc -I"C:/Users/moshte/Desktop/moshte/Firmware projects/CubeIDE/Workspace/semgdaq_/Firmware/semgdaq/Drivers/CMSIS/DSP/Include" -I../Drivers/STM32G4xx_HAL_Driver/Inc -I../Drivers/STM32G4xx_HAL_Driver/Inc/Legacy -I../Drivers/CMSIS/Device/ST/STM32G4xx/Include -I../Drivers/CMSIS/Include -O0 -ffunction-sections -fdata-sections -Wall -fstack-usage -fcyclomatic-complexity -MMD -MP -MF"Core/Src/_ADCn_INx_MA.d" -MT"Core/Src/_ADCn_INx_MA.o" --specs=nano.specs -mfpu=fpv4-sp-d16 -mfloat-abi=hard -mthumb -o "Core/Src/_ADCn_INx_MA.o"
../Core/Src/_ADCn_INx_MA.c: In function 'MA_ADC1_IN1_Update':
../Core/Src/_ADCn_INx_MA.c:69:1: warning: control reaches end of non-void function [-Wreturn-type]
   69 | }
      | ^
arm-none-eabi-gcc -o "semgdaq.elf" @"objects.list"  -larm_cortexM4lf_math -mcpu=cortex-m4 -T"C:\Users\moshte\Desktop\moshte\Firmware projects\CubeIDE\Workspace\semgdaq_\Firmware\semgdaq\STM32G4A1VETX_FLASH.ld" --specs=nosys.specs -Wl,-Map="semgdaq.map" -Wl,--gc-sections -static -L"C:\Users\moshte\Desktop\moshte\Firmware projects\CubeIDE\Workspace\semgdaq_\Firmware\semgdaq\Drivers\CMSIS\Lib\GCC" --specs=nano.specs -mfpu=fpv4-sp-d16 -mfloat-abi=hard -mthumb -Wl,--start-group -lc -lm -Wl,--end-group
Finished building target: semgdaq.elf
 
arm-none-eabi-size  semgdaq.elf 
arm-none-eabi-objdump -h -S semgdaq.elf  > "semgdaq.list"
   text	   data	    bss	    dec	    hex	filename
  21388	  30812	   2580	  54780	   d5fc	semgdaq.elf
Finished building: default.size.stdout
 
Finished building: semgdaq.list
 
12:22:36 **** Incremental Build of configuration Debug for project semgdaq ****
make -j8 all 
arm-none-eabi-gcc "../Core/Src/_ADCn_INx_MA.c" -mcpu=cortex-m4 -std=gnu11 -g3 -DDEBUG -DARM_MATH_CM4 -DUSE_HAL_DRIVER -DSTM32G4A1xx -c -I../Core/Inc -I"C:/Users/moshte/Desktop/moshte/Firmware projects/CubeIDE/Workspace/semgdaq_/Firmware/semgdaq/Drivers/CMSIS/DSP/Include" -I../Drivers/STM32G4xx_HAL_Driver/Inc -I../Drivers/STM32G4xx_HAL_Driver/Inc/Legacy -I../Drivers/CMSIS/Device/ST/STM32G4xx/Include -I../Drivers/CMSIS/Include -O0 -ffunction-sections -fdata-sections -Wall -fstack-usage -fcyclomatic-complexity -MMD -MP -MF"Core/Src/_ADCn_INx_MA.d" -MT"Core/Src/_ADCn_INx_MA.o" --specs=nano.specs -mfpu=fpv4-sp-d16 -mfloat-abi=hard -mthumb -o "Core/Src/_ADCn_INx_MA.o"
arm-none-eabi-gcc -o "semgdaq.elf" @"objects.list"  -larm_cortexM4lf_math -mcpu=cortex-m4 -T"C:\Users\moshte\Desktop\moshte\Firmware projects\CubeIDE\Workspace\semgdaq_\Firmware\semgdaq\STM32G4A1VETX_FLASH.ld" --specs=nosys.specs -Wl,-Map="semgdaq.map" -Wl,--gc-sections -static -L"C:\Users\moshte\Desktop\moshte\Firmware projects\CubeIDE\Workspace\semgdaq_\Firmware\semgdaq\Drivers\CMSIS\Lib\GCC" --specs=nano.specs -mfpu=fpv4-sp-d16 -mfloat-abi=hard -mthumb -Wl,--start-group -lc -lm -Wl,--end-group
Finished building target: semgdaq.elf
 
arm-none-eabi-size  semgdaq.elf 
arm-none-eabi-objdump -h -S semgdaq.elf  > "semgdaq.list"
   text	   data	    bss	    dec	    hex	filename
  21388	  30812	   2580	  54780	   d5fc	semgdaq.elf
Finished building: default.size.stdout
 
Finished building: semgdaq.list
 
12:24:39 **** Incremental Build of configuration Debug for project semgdaq ****
make -j8 all 
arm-none-eabi-gcc "../Core/Src/main.c" -mcpu=cortex-m4 -std=gnu11 -g3 -DDEBUG -DARM_MATH_CM4 -DUSE_HAL_DRIVER -DSTM32G4A1xx -c -I../Core/Inc -I"C:/Users/moshte/Desktop/moshte/Firmware projects/CubeIDE/Workspace/semgdaq_/Firmware/semgdaq/Drivers/CMSIS/DSP/Include" -I../Drivers/STM32G4xx_HAL_Driver/Inc -I../Drivers/STM32G4xx_HAL_Driver/Inc/Legacy -I../Drivers/CMSIS/Device/ST/STM32G4xx/Include -I../Drivers/CMSIS/Include -O0 -ffunction-sections -fdata-sections -Wall -fstack-usage -fcyclomatic-complexity -MMD -MP -MF"Core/Src/main.d" -MT"Core/Src/main.o" --specs=nano.specs -mfpu=fpv4-sp-d16 -mfloat-abi=hard -mthumb -o "Core/Src/main.o"
arm-none-eabi-gcc -o "semgdaq.elf" @"objects.list"  -larm_cortexM4lf_math -mcpu=cortex-m4 -T"C:\Users\moshte\Desktop\moshte\Firmware projects\CubeIDE\Workspace\semgdaq_\Firmware\semgdaq\STM32G4A1VETX_FLASH.ld" --specs=nosys.specs -Wl,-Map="semgdaq.map" -Wl,--gc-sections -static -L"C:\Users\moshte\Desktop\moshte\Firmware projects\CubeIDE\Workspace\semgdaq_\Firmware\semgdaq\Drivers\CMSIS\Lib\GCC" --specs=nano.specs -mfpu=fpv4-sp-d16 -mfloat-abi=hard -mthumb -Wl,--start-group -lc -lm -Wl,--end-group
Finished building target: semgdaq.elf
 
arm-none-eabi-size  semgdaq.elf 
arm-none-eabi-objdump -h -S semgdaq.elf  > "semgdaq.list"
   text	   data	    bss	    dec	    hex	filename
  21388	  30812	   2580	  54780	   d5fc	semgdaq.elf
Finished building: default.size.stdout
 
Finished building: semgdaq.list
 
12:27:14 **** Incremental Build of configuration Debug for project semgdaq ****
make -j8 all 
arm-none-eabi-gcc "../Core/Src/_ADCn_INx_MA.c" -mcpu=cortex-m4 -std=gnu11 -g3 -DDEBUG -DARM_MATH_CM4 -DUSE_HAL_DRIVER -DSTM32G4A1xx -c -I../Core/Inc -I"C:/Users/moshte/Desktop/moshte/Firmware projects/CubeIDE/Workspace/semgdaq_/Firmware/semgdaq/Drivers/CMSIS/DSP/Include" -I../Drivers/STM32G4xx_HAL_Driver/Inc -I../Drivers/STM32G4xx_HAL_Driver/Inc/Legacy -I../Drivers/CMSIS/Device/ST/STM32G4xx/Include -I../Drivers/CMSIS/Include -O0 -ffunction-sections -fdata-sections -Wall -fstack-usage -fcyclomatic-complexity -MMD -MP -MF"Core/Src/_ADCn_INx_MA.d" -MT"Core/Src/_ADCn_INx_MA.o" --specs=nano.specs -mfpu=fpv4-sp-d16 -mfloat-abi=hard -mthumb -o "Core/Src/_ADCn_INx_MA.o"
arm-none-eabi-gcc -o "semgdaq.elf" @"objects.list"  -larm_cortexM4lf_math -mcpu=cortex-m4 -T"C:\Users\moshte\Desktop\moshte\Firmware projects\CubeIDE\Workspace\semgdaq_\Firmware\semgdaq\STM32G4A1VETX_FLASH.ld" --specs=nosys.specs -Wl,-Map="semgdaq.map" -Wl,--gc-sections -static -L"C:\Users\moshte\Desktop\moshte\Firmware projects\CubeIDE\Workspace\semgdaq_\Firmware\semgdaq\Drivers\CMSIS\Lib\GCC" --specs=nano.specs -mfpu=fpv4-sp-d16 -mfloat-abi=hard -mthumb -Wl,--start-group -lc -lm -Wl,--end-group
Finished building target: semgdaq.elf
 
arm-none-eabi-size  semgdaq.elf 
arm-none-eabi-objdump -h -S semgdaq.elf  > "semgdaq.list"
   text	   data	    bss	    dec	    hex	filename
  21388	  30812	   2580	  54780	   d5fc	semgdaq.elf
Finished building: default.size.stdout
 
Finished building: semgdaq.list
 
12:50:46 **** Incremental Build of configuration Debug for project semgdaq ****
make -j8 all 
arm-none-eabi-gcc "../Core/Src/_ADCn_INx_MA.c" -mcpu=cortex-m4 -std=gnu11 -g3 -DDEBUG -DARM_MATH_CM4 -DUSE_HAL_DRIVER -DSTM32G4A1xx -c -I../Core/Inc -I"C:/Users/moshte/Desktop/moshte/Firmware projects/CubeIDE/Workspace/semgdaq_/Firmware/semgdaq/Drivers/CMSIS/DSP/Include" -I../Drivers/STM32G4xx_HAL_Driver/Inc -I../Drivers/STM32G4xx_HAL_Driver/Inc/Legacy -I../Drivers/CMSIS/Device/ST/STM32G4xx/Include -I../Drivers/CMSIS/Include -O0 -ffunction-sections -fdata-sections -Wall -fstack-usage -fcyclomatic-complexity -MMD -MP -MF"Core/Src/_ADCn_INx_MA.d" -MT"Core/Src/_ADCn_INx_MA.o" --specs=nano.specs -mfpu=fpv4-sp-d16 -mfloat-abi=hard -mthumb -o "Core/Src/_ADCn_INx_MA.o"
arm-none-eabi-gcc "../Core/Src/main.c" -mcpu=cortex-m4 -std=gnu11 -g3 -DDEBUG -DARM_MATH_CM4 -DUSE_HAL_DRIVER -DSTM32G4A1xx -c -I../Core/Inc -I"C:/Users/moshte/Desktop/moshte/Firmware projects/CubeIDE/Workspace/semgdaq_/Firmware/semgdaq/Drivers/CMSIS/DSP/Include" -I../Drivers/STM32G4xx_HAL_Driver/Inc -I../Drivers/STM32G4xx_HAL_Driver/Inc/Legacy -I../Drivers/CMSIS/Device/ST/STM32G4xx/Include -I../Drivers/CMSIS/Include -O0 -ffunction-sections -fdata-sections -Wall -fstack-usage -fcyclomatic-complexity -MMD -MP -MF"Core/Src/main.d" -MT"Core/Src/main.o" --specs=nano.specs -mfpu=fpv4-sp-d16 -mfloat-abi=hard -mthumb -o "Core/Src/main.o"
../Core/Src/_ADCn_INx_MA.c: In function 'MA_ADC1_IN1_Init':
../Core/Src/_ADCn_INx_MA.c:19:26: error: 'ADC1_IN1_MA' has no member named '_MA_IR_ADC1_IN1_bfr'; did you mean 'MA_ADC1_IN1_bfr'?
   19 |         ADC1_IN1_MA_ptr->_MA_IR_ADC1_IN1_bfr[j]=0.0f;
      |                          ^~~~~~~~~~~~~~~~~~~
      |                          MA_ADC1_IN1_bfr
make: *** [Core/Src/subdir.mk:43: Core/Src/_ADCn_INx_MA.o] Error 1
make: *** Waiting for unfinished jobs....
"make -j8 all" terminated with exit code 2. Build might be incomplete.
12:51:04 **** Incremental Build of configuration Debug for project semgdaq ****
make -j8 all 
arm-none-eabi-gcc "../Core/Src/_ADCn_INx_MA.c" -mcpu=cortex-m4 -std=gnu11 -g3 -DDEBUG -DARM_MATH_CM4 -DUSE_HAL_DRIVER -DSTM32G4A1xx -c -I../Core/Inc -I"C:/Users/moshte/Desktop/moshte/Firmware projects/CubeIDE/Workspace/semgdaq_/Firmware/semgdaq/Drivers/CMSIS/DSP/Include" -I../Drivers/STM32G4xx_HAL_Driver/Inc -I../Drivers/STM32G4xx_HAL_Driver/Inc/Legacy -I../Drivers/CMSIS/Device/ST/STM32G4xx/Include -I../Drivers/CMSIS/Include -O0 -ffunction-sections -fdata-sections -Wall -fstack-usage -fcyclomatic-complexity -MMD -MP -MF"Core/Src/_ADCn_INx_MA.d" -MT"Core/Src/_ADCn_INx_MA.o" --specs=nano.specs -mfpu=fpv4-sp-d16 -mfloat-abi=hard -mthumb -o "Core/Src/_ADCn_INx_MA.o"
../Core/Src/_ADCn_INx_MA.c: In function 'MA_ADC1_IN1_Init':
../Core/Src/_ADCn_INx_MA.c:19:26: error: 'ADC1_IN1_MA' has no member named '_MA_ADC1_IN1_bfr'; did you mean 'MA_ADC1_IN1_bfr'?
   19 |         ADC1_IN1_MA_ptr->_MA_ADC1_IN1_bfr[j]=0.0f;
      |                          ^~~~~~~~~~~~~~~~
      |                          MA_ADC1_IN1_bfr
make: *** [Core/Src/subdir.mk:43: Core/Src/_ADCn_INx_MA.o] Error 1
"make -j8 all" terminated with exit code 2. Build might be incomplete.
12:51:33 **** Incremental Build of configuration Debug for project semgdaq ****
make -j8 all 
arm-none-eabi-gcc "../Core/Src/_ADCn_INx_MA.c" -mcpu=cortex-m4 -std=gnu11 -g3 -DDEBUG -DARM_MATH_CM4 -DUSE_HAL_DRIVER -DSTM32G4A1xx -c -I../Core/Inc -I"C:/Users/moshte/Desktop/moshte/Firmware projects/CubeIDE/Workspace/semgdaq_/Firmware/semgdaq/Drivers/CMSIS/DSP/Include" -I../Drivers/STM32G4xx_HAL_Driver/Inc -I../Drivers/STM32G4xx_HAL_Driver/Inc/Legacy -I../Drivers/CMSIS/Device/ST/STM32G4xx/Include -I../Drivers/CMSIS/Include -O0 -ffunction-sections -fdata-sections -Wall -fstack-usage -fcyclomatic-complexity -MMD -MP -MF"Core/Src/_ADCn_INx_MA.d" -MT"Core/Src/_ADCn_INx_MA.o" --specs=nano.specs -mfpu=fpv4-sp-d16 -mfloat-abi=hard -mthumb -o "Core/Src/_ADCn_INx_MA.o"
arm-none-eabi-gcc -o "semgdaq.elf" @"objects.list"  -larm_cortexM4lf_math -mcpu=cortex-m4 -T"C:\Users\moshte\Desktop\moshte\Firmware projects\CubeIDE\Workspace\semgdaq_\Firmware\semgdaq\STM32G4A1VETX_FLASH.ld" --specs=nosys.specs -Wl,-Map="semgdaq.map" -Wl,--gc-sections -static -L"C:\Users\moshte\Desktop\moshte\Firmware projects\CubeIDE\Workspace\semgdaq_\Firmware\semgdaq\Drivers\CMSIS\Lib\GCC" --specs=nano.specs -mfpu=fpv4-sp-d16 -mfloat-abi=hard -mthumb -Wl,--start-group -lc -lm -Wl,--end-group
Finished building target: semgdaq.elf
 
arm-none-eabi-size  semgdaq.elf 
arm-none-eabi-objdump -h -S semgdaq.elf  > "semgdaq.list"
   text	   data	    bss	    dec	    hex	filename
  21388	  30812	   2580	  54780	   d5fc	semgdaq.elf
Finished building: default.size.stdout
 
Finished building: semgdaq.list
 
12:53:48 **** Incremental Build of configuration Debug for project semgdaq ****
make -j8 all 
arm-none-eabi-gcc "../Core/Src/_ADCn_INx_MA.c" -mcpu=cortex-m4 -std=gnu11 -g3 -DDEBUG -DARM_MATH_CM4 -DUSE_HAL_DRIVER -DSTM32G4A1xx -c -I../Core/Inc -I"C:/Users/moshte/Desktop/moshte/Firmware projects/CubeIDE/Workspace/semgdaq_/Firmware/semgdaq/Drivers/CMSIS/DSP/Include" -I../Drivers/STM32G4xx_HAL_Driver/Inc -I../Drivers/STM32G4xx_HAL_Driver/Inc/Legacy -I../Drivers/CMSIS/Device/ST/STM32G4xx/Include -I../Drivers/CMSIS/Include -O0 -ffunction-sections -fdata-sections -Wall -fstack-usage -fcyclomatic-complexity -MMD -MP -MF"Core/Src/_ADCn_INx_MA.d" -MT"Core/Src/_ADCn_INx_MA.o" --specs=nano.specs -mfpu=fpv4-sp-d16 -mfloat-abi=hard -mthumb -o "Core/Src/_ADCn_INx_MA.o"
arm-none-eabi-gcc "../Core/Src/main.c" -mcpu=cortex-m4 -std=gnu11 -g3 -DDEBUG -DARM_MATH_CM4 -DUSE_HAL_DRIVER -DSTM32G4A1xx -c -I../Core/Inc -I"C:/Users/moshte/Desktop/moshte/Firmware projects/CubeIDE/Workspace/semgdaq_/Firmware/semgdaq/Drivers/CMSIS/DSP/Include" -I../Drivers/STM32G4xx_HAL_Driver/Inc -I../Drivers/STM32G4xx_HAL_Driver/Inc/Legacy -I../Drivers/CMSIS/Device/ST/STM32G4xx/Include -I../Drivers/CMSIS/Include -O0 -ffunction-sections -fdata-sections -Wall -fstack-usage -fcyclomatic-complexity -MMD -MP -MF"Core/Src/main.d" -MT"Core/Src/main.o" --specs=nano.specs -mfpu=fpv4-sp-d16 -mfloat-abi=hard -mthumb -o "Core/Src/main.o"
arm-none-eabi-gcc -o "semgdaq.elf" @"objects.list"  -larm_cortexM4lf_math -mcpu=cortex-m4 -T"C:\Users\moshte\Desktop\moshte\Firmware projects\CubeIDE\Workspace\semgdaq_\Firmware\semgdaq\STM32G4A1VETX_FLASH.ld" --specs=nosys.specs -Wl,-Map="semgdaq.map" -Wl,--gc-sections -static -L"C:\Users\moshte\Desktop\moshte\Firmware projects\CubeIDE\Workspace\semgdaq_\Firmware\semgdaq\Drivers\CMSIS\Lib\GCC" --specs=nano.specs -mfpu=fpv4-sp-d16 -mfloat-abi=hard -mthumb -Wl,--start-group -lc -lm -Wl,--end-group
Finished building target: semgdaq.elf
 
arm-none-eabi-size  semgdaq.elf 
arm-none-eabi-objdump -h -S semgdaq.elf  > "semgdaq.list"
   text	   data	    bss	    dec	    hex	filename
  21388	  30812	   2580	  54780	   d5fc	semgdaq.elf
Finished building: default.size.stdout
 
Finished building: semgdaq.list
 
12:54:23 **** Incremental Build of configuration Debug for project semgdaq ****
make -j8 all 
arm-none-eabi-gcc "../Core/Src/_ADCn_INx_MA.c" -mcpu=cortex-m4 -std=gnu11 -g3 -DDEBUG -DARM_MATH_CM4 -DUSE_HAL_DRIVER -DSTM32G4A1xx -c -I../Core/Inc -I"C:/Users/moshte/Desktop/moshte/Firmware projects/CubeIDE/Workspace/semgdaq_/Firmware/semgdaq/Drivers/CMSIS/DSP/Include" -I../Drivers/STM32G4xx_HAL_Driver/Inc -I../Drivers/STM32G4xx_HAL_Driver/Inc/Legacy -I../Drivers/CMSIS/Device/ST/STM32G4xx/Include -I../Drivers/CMSIS/Include -O0 -ffunction-sections -fdata-sections -Wall -fstack-usage -fcyclomatic-complexity -MMD -MP -MF"Core/Src/_ADCn_INx_MA.d" -MT"Core/Src/_ADCn_INx_MA.o" --specs=nano.specs -mfpu=fpv4-sp-d16 -mfloat-abi=hard -mthumb -o "Core/Src/_ADCn_INx_MA.o"
arm-none-eabi-gcc -o "semgdaq.elf" @"objects.list"  -larm_cortexM4lf_math -mcpu=cortex-m4 -T"C:\Users\moshte\Desktop\moshte\Firmware projects\CubeIDE\Workspace\semgdaq_\Firmware\semgdaq\STM32G4A1VETX_FLASH.ld" --specs=nosys.specs -Wl,-Map="semgdaq.map" -Wl,--gc-sections -static -L"C:\Users\moshte\Desktop\moshte\Firmware projects\CubeIDE\Workspace\semgdaq_\Firmware\semgdaq\Drivers\CMSIS\Lib\GCC" --specs=nano.specs -mfpu=fpv4-sp-d16 -mfloat-abi=hard -mthumb -Wl,--start-group -lc -lm -Wl,--end-group
Finished building target: semgdaq.elf
 
arm-none-eabi-size  semgdaq.elf 
arm-none-eabi-objdump -h -S semgdaq.elf  > "semgdaq.list"
   text	   data	    bss	    dec	    hex	filename
  21388	  30812	   2580	  54780	   d5fc	semgdaq.elf
Finished building: default.size.stdout
 
Finished building: semgdaq.list
 
12:56:34 **** Incremental Build of configuration Debug for project semgdaq ****
make -j8 all 
arm-none-eabi-gcc "../Core/Src/_ADCn_INx_MA.c" -mcpu=cortex-m4 -std=gnu11 -g3 -DDEBUG -DARM_MATH_CM4 -DUSE_HAL_DRIVER -DSTM32G4A1xx -c -I../Core/Inc -I"C:/Users/moshte/Desktop/moshte/Firmware projects/CubeIDE/Workspace/semgdaq_/Firmware/semgdaq/Drivers/CMSIS/DSP/Include" -I../Drivers/STM32G4xx_HAL_Driver/Inc -I../Drivers/STM32G4xx_HAL_Driver/Inc/Legacy -I../Drivers/CMSIS/Device/ST/STM32G4xx/Include -I../Drivers/CMSIS/Include -O0 -ffunction-sections -fdata-sections -Wall -fstack-usage -fcyclomatic-complexity -MMD -MP -MF"Core/Src/_ADCn_INx_MA.d" -MT"Core/Src/_ADCn_INx_MA.o" --specs=nano.specs -mfpu=fpv4-sp-d16 -mfloat-abi=hard -mthumb -o "Core/Src/_ADCn_INx_MA.o"
arm-none-eabi-gcc -o "semgdaq.elf" @"objects.list"  -larm_cortexM4lf_math -mcpu=cortex-m4 -T"C:\Users\moshte\Desktop\moshte\Firmware projects\CubeIDE\Workspace\semgdaq_\Firmware\semgdaq\STM32G4A1VETX_FLASH.ld" --specs=nosys.specs -Wl,-Map="semgdaq.map" -Wl,--gc-sections -static -L"C:\Users\moshte\Desktop\moshte\Firmware projects\CubeIDE\Workspace\semgdaq_\Firmware\semgdaq\Drivers\CMSIS\Lib\GCC" --specs=nano.specs -mfpu=fpv4-sp-d16 -mfloat-abi=hard -mthumb -Wl,--start-group -lc -lm -Wl,--end-group
Finished building target: semgdaq.elf
 
arm-none-eabi-size  semgdaq.elf 
arm-none-eabi-objdump -h -S semgdaq.elf  > "semgdaq.list"
   text	   data	    bss	    dec	    hex	filename
  21388	  30812	   2580	  54780	   d5fc	semgdaq.elf
Finished building: default.size.stdout
 
Finished building: semgdaq.list
 
13:10:00 **** Incremental Build of configuration Debug for project semgdaq ****
make -j8 all 
arm-none-eabi-gcc "../Core/Src/_ADCn_INx_MA.c" -mcpu=cortex-m4 -std=gnu11 -g3 -DDEBUG -DARM_MATH_CM4 -DUSE_HAL_DRIVER -DSTM32G4A1xx -c -I../Core/Inc -I"C:/Users/moshte/Desktop/moshte/Firmware projects/CubeIDE/Workspace/semgdaq_/Firmware/semgdaq/Drivers/CMSIS/DSP/Include" -I../Drivers/STM32G4xx_HAL_Driver/Inc -I../Drivers/STM32G4xx_HAL_Driver/Inc/Legacy -I../Drivers/CMSIS/Device/ST/STM32G4xx/Include -I../Drivers/CMSIS/Include -O0 -ffunction-sections -fdata-sections -Wall -fstack-usage -fcyclomatic-complexity -MMD -MP -MF"Core/Src/_ADCn_INx_MA.d" -MT"Core/Src/_ADCn_INx_MA.o" --specs=nano.specs -mfpu=fpv4-sp-d16 -mfloat-abi=hard -mthumb -o "Core/Src/_ADCn_INx_MA.o"
arm-none-eabi-gcc "../Core/Src/main.c" -mcpu=cortex-m4 -std=gnu11 -g3 -DDEBUG -DARM_MATH_CM4 -DUSE_HAL_DRIVER -DSTM32G4A1xx -c -I../Core/Inc -I"C:/Users/moshte/Desktop/moshte/Firmware projects/CubeIDE/Workspace/semgdaq_/Firmware/semgdaq/Drivers/CMSIS/DSP/Include" -I../Drivers/STM32G4xx_HAL_Driver/Inc -I../Drivers/STM32G4xx_HAL_Driver/Inc/Legacy -I../Drivers/CMSIS/Device/ST/STM32G4xx/Include -I../Drivers/CMSIS/Include -O0 -ffunction-sections -fdata-sections -Wall -fstack-usage -fcyclomatic-complexity -MMD -MP -MF"Core/Src/main.d" -MT"Core/Src/main.o" --specs=nano.specs -mfpu=fpv4-sp-d16 -mfloat-abi=hard -mthumb -o "Core/Src/main.o"
arm-none-eabi-gcc -o "semgdaq.elf" @"objects.list"  -larm_cortexM4lf_math -mcpu=cortex-m4 -T"C:\Users\moshte\Desktop\moshte\Firmware projects\CubeIDE\Workspace\semgdaq_\Firmware\semgdaq\STM32G4A1VETX_FLASH.ld" --specs=nosys.specs -Wl,-Map="semgdaq.map" -Wl,--gc-sections -static -L"C:\Users\moshte\Desktop\moshte\Firmware projects\CubeIDE\Workspace\semgdaq_\Firmware\semgdaq\Drivers\CMSIS\Lib\GCC" --specs=nano.specs -mfpu=fpv4-sp-d16 -mfloat-abi=hard -mthumb -Wl,--start-group -lc -lm -Wl,--end-group
Finished building target: semgdaq.elf
 
arm-none-eabi-size  semgdaq.elf 
arm-none-eabi-objdump -h -S semgdaq.elf  > "semgdaq.list"
   text	   data	    bss	    dec	    hex	filename
  21388	  30812	   2580	  54780	   d5fc	semgdaq.elf
Finished building: default.size.stdout
 
Finished building: semgdaq.list
 
13:11:40 **** Incremental Build of configuration Debug for project semgdaq ****
make -j8 all 
arm-none-eabi-gcc "../Core/Src/_ADCn_INx_MA.c" -mcpu=cortex-m4 -std=gnu11 -g3 -DDEBUG -DARM_MATH_CM4 -DUSE_HAL_DRIVER -DSTM32G4A1xx -c -I../Core/Inc -I"C:/Users/moshte/Desktop/moshte/Firmware projects/CubeIDE/Workspace/semgdaq_/Firmware/semgdaq/Drivers/CMSIS/DSP/Include" -I../Drivers/STM32G4xx_HAL_Driver/Inc -I../Drivers/STM32G4xx_HAL_Driver/Inc/Legacy -I../Drivers/CMSIS/Device/ST/STM32G4xx/Include -I../Drivers/CMSIS/Include -O0 -ffunction-sections -fdata-sections -Wall -fstack-usage -fcyclomatic-complexity -MMD -MP -MF"Core/Src/_ADCn_INx_MA.d" -MT"Core/Src/_ADCn_INx_MA.o" --specs=nano.specs -mfpu=fpv4-sp-d16 -mfloat-abi=hard -mthumb -o "Core/Src/_ADCn_INx_MA.o"
arm-none-eabi-gcc "../Core/Src/_ADCn_INx_NF.c" -mcpu=cortex-m4 -std=gnu11 -g3 -DDEBUG -DARM_MATH_CM4 -DUSE_HAL_DRIVER -DSTM32G4A1xx -c -I../Core/Inc -I"C:/Users/moshte/Desktop/moshte/Firmware projects/CubeIDE/Workspace/semgdaq_/Firmware/semgdaq/Drivers/CMSIS/DSP/Include" -I../Drivers/STM32G4xx_HAL_Driver/Inc -I../Drivers/STM32G4xx_HAL_Driver/Inc/Legacy -I../Drivers/CMSIS/Device/ST/STM32G4xx/Include -I../Drivers/CMSIS/Include -O0 -ffunction-sections -fdata-sections -Wall -fstack-usage -fcyclomatic-complexity -MMD -MP -MF"Core/Src/_ADCn_INx_NF.d" -MT"Core/Src/_ADCn_INx_NF.o" --specs=nano.specs -mfpu=fpv4-sp-d16 -mfloat-abi=hard -mthumb -o "Core/Src/_ADCn_INx_NF.o"
arm-none-eabi-gcc "../Core/Src/_DMA_Sort.c" -mcpu=cortex-m4 -std=gnu11 -g3 -DDEBUG -DARM_MATH_CM4 -DUSE_HAL_DRIVER -DSTM32G4A1xx -c -I../Core/Inc -I"C:/Users/moshte/Desktop/moshte/Firmware projects/CubeIDE/Workspace/semgdaq_/Firmware/semgdaq/Drivers/CMSIS/DSP/Include" -I../Drivers/STM32G4xx_HAL_Driver/Inc -I../Drivers/STM32G4xx_HAL_Driver/Inc/Legacy -I../Drivers/CMSIS/Device/ST/STM32G4xx/Include -I../Drivers/CMSIS/Include -O0 -ffunction-sections -fdata-sections -Wall -fstack-usage -fcyclomatic-complexity -MMD -MP -MF"Core/Src/_DMA_Sort.d" -MT"Core/Src/_DMA_Sort.o" --specs=nano.specs -mfpu=fpv4-sp-d16 -mfloat-abi=hard -mthumb -o "Core/Src/_DMA_Sort.o"
arm-none-eabi-gcc "../Core/Src/main.c" -mcpu=cortex-m4 -std=gnu11 -g3 -DDEBUG -DARM_MATH_CM4 -DUSE_HAL_DRIVER -DSTM32G4A1xx -c -I../Core/Inc -I"C:/Users/moshte/Desktop/moshte/Firmware projects/CubeIDE/Workspace/semgdaq_/Firmware/semgdaq/Drivers/CMSIS/DSP/Include" -I../Drivers/STM32G4xx_HAL_Driver/Inc -I../Drivers/STM32G4xx_HAL_Driver/Inc/Legacy -I../Drivers/CMSIS/Device/ST/STM32G4xx/Include -I../Drivers/CMSIS/Include -O0 -ffunction-sections -fdata-sections -Wall -fstack-usage -fcyclomatic-complexity -MMD -MP -MF"Core/Src/main.d" -MT"Core/Src/main.o" --specs=nano.specs -mfpu=fpv4-sp-d16 -mfloat-abi=hard -mthumb -o "Core/Src/main.o"
In file included from ../Core/Inc/_ADCn_INx_NF.h:22,
                 from ../Core/Inc/_ADCn_INx_MA.h:14,
                 from ../Core/Src/_ADCn_INx_MA.c:10:
../Core/Inc/_DMA_Sort.h:22:1: error: redeclaration of enumerator 'ADC_DMA_EIGHTHBUFFERSIZE'
   22 | ADC_DMA_EIGHTHBUFFERSIZE=157
      | ^~~~~~~~~~~~~~~~~~~~~~~~
../Core/Inc/_DMA_Sort.h:21:1: note: previous definition of 'ADC_DMA_EIGHTHBUFFERSIZE' with type 'int'
   21 | ADC_DMA_EIGHTHBUFFERSIZE= 312,
      | ^~~~~~~~~~~~~~~~~~~~~~~~
In file included from ../Core/Inc/_ADCn_INx_NF.h:22,
                 from ../Core/Src/_ADCn_INx_NF.c:11:
../Core/Inc/_DMA_Sort.h:22:1: error: redeclaration of enumerator 'ADC_DMA_EIGHTHBUFFERSIZE'
   22 | ADC_DMA_EIGHTHBUFFERSIZE=157
      | ^~~~~~~~~~~~~~~~~~~~~~~~
../Core/Inc/_DMA_Sort.h:21:1: note: previous definition of 'ADC_DMA_EIGHTHBUFFERSIZE' with type 'int'
   21 | ADC_DMA_EIGHTHBUFFERSIZE= 312,
      | ^~~~~~~~~~~~~~~~~~~~~~~~
In file included from ../Core/Src/_DMA_Sort.c:10:
../Core/Inc/_DMA_Sort.h:22:1: error: redeclaration of enumerator 'ADC_DMA_EIGHTHBUFFERSIZE'
   22 | ADC_DMA_EIGHTHBUFFERSIZE=157
      | ^~~~~~~~~~~~~~~~~~~~~~~~
../Core/Inc/_DMA_Sort.h:21:1: note: previous definition of 'ADC_DMA_EIGHTHBUFFERSIZE' with type 'int'
   21 | ADC_DMA_EIGHTHBUFFERSIZE= 312,
      | ^~~~~~~~~~~~~~~~~~~~~~~~
make: *** [Core/Src/subdir.mk:43: Core/Src/_DMA_Sort.o] Error 1
make: *** Waiting for unfinished jobs....
In file included from ../Core/Inc/_ADCn_INx_NF.h:22,
                 from ../Core/Inc/_ADCn_INx_MA.h:14,
                 from ../Core/Src/main.c:24:
../Core/Inc/_DMA_Sort.h:22:1: error: redeclaration of enumerator 'ADC_DMA_EIGHTHBUFFERSIZE'
   22 | ADC_DMA_EIGHTHBUFFERSIZE=157
      | ^~~~~~~~~~~~~~~~~~~~~~~~
../Core/Inc/_DMA_Sort.h:21:1: note: previous definition of 'ADC_DMA_EIGHTHBUFFERSIZE' with type 'int'
   21 | ADC_DMA_EIGHTHBUFFERSIZE= 312,
      | ^~~~~~~~~~~~~~~~~~~~~~~~
make: *** [Core/Src/subdir.mk:43: Core/Src/_ADCn_INx_MA.o] Error 1
make: *** [Core/Src/subdir.mk:43: Core/Src/_ADCn_INx_NF.o] Error 1
make: *** [Core/Src/subdir.mk:43: Core/Src/main.o] Error 1
"make -j8 all" terminated with exit code 2. Build might be incomplete.
13:12:10 **** Incremental Build of configuration Debug for project semgdaq ****
make -j8 all 
arm-none-eabi-gcc "../Core/Src/_ADCn_INx_MA.c" -mcpu=cortex-m4 -std=gnu11 -g3 -DDEBUG -DARM_MATH_CM4 -DUSE_HAL_DRIVER -DSTM32G4A1xx -c -I../Core/Inc -I"C:/Users/moshte/Desktop/moshte/Firmware projects/CubeIDE/Workspace/semgdaq_/Firmware/semgdaq/Drivers/CMSIS/DSP/Include" -I../Drivers/STM32G4xx_HAL_Driver/Inc -I../Drivers/STM32G4xx_HAL_Driver/Inc/Legacy -I../Drivers/CMSIS/Device/ST/STM32G4xx/Include -I../Drivers/CMSIS/Include -O0 -ffunction-sections -fdata-sections -Wall -fstack-usage -fcyclomatic-complexity -MMD -MP -MF"Core/Src/_ADCn_INx_MA.d" -MT"Core/Src/_ADCn_INx_MA.o" --specs=nano.specs -mfpu=fpv4-sp-d16 -mfloat-abi=hard -mthumb -o "Core/Src/_ADCn_INx_MA.o"
arm-none-eabi-gcc "../Core/Src/_ADCn_INx_NF.c" -mcpu=cortex-m4 -std=gnu11 -g3 -DDEBUG -DARM_MATH_CM4 -DUSE_HAL_DRIVER -DSTM32G4A1xx -c -I../Core/Inc -I"C:/Users/moshte/Desktop/moshte/Firmware projects/CubeIDE/Workspace/semgdaq_/Firmware/semgdaq/Drivers/CMSIS/DSP/Include" -I../Drivers/STM32G4xx_HAL_Driver/Inc -I../Drivers/STM32G4xx_HAL_Driver/Inc/Legacy -I../Drivers/CMSIS/Device/ST/STM32G4xx/Include -I../Drivers/CMSIS/Include -O0 -ffunction-sections -fdata-sections -Wall -fstack-usage -fcyclomatic-complexity -MMD -MP -MF"Core/Src/_ADCn_INx_NF.d" -MT"Core/Src/_ADCn_INx_NF.o" --specs=nano.specs -mfpu=fpv4-sp-d16 -mfloat-abi=hard -mthumb -o "Core/Src/_ADCn_INx_NF.o"
arm-none-eabi-gcc "../Core/Src/_DMA_Sort.c" -mcpu=cortex-m4 -std=gnu11 -g3 -DDEBUG -DARM_MATH_CM4 -DUSE_HAL_DRIVER -DSTM32G4A1xx -c -I../Core/Inc -I"C:/Users/moshte/Desktop/moshte/Firmware projects/CubeIDE/Workspace/semgdaq_/Firmware/semgdaq/Drivers/CMSIS/DSP/Include" -I../Drivers/STM32G4xx_HAL_Driver/Inc -I../Drivers/STM32G4xx_HAL_Driver/Inc/Legacy -I../Drivers/CMSIS/Device/ST/STM32G4xx/Include -I../Drivers/CMSIS/Include -O0 -ffunction-sections -fdata-sections -Wall -fstack-usage -fcyclomatic-complexity -MMD -MP -MF"Core/Src/_DMA_Sort.d" -MT"Core/Src/_DMA_Sort.o" --specs=nano.specs -mfpu=fpv4-sp-d16 -mfloat-abi=hard -mthumb -o "Core/Src/_DMA_Sort.o"
arm-none-eabi-gcc "../Core/Src/main.c" -mcpu=cortex-m4 -std=gnu11 -g3 -DDEBUG -DARM_MATH_CM4 -DUSE_HAL_DRIVER -DSTM32G4A1xx -c -I../Core/Inc -I"C:/Users/moshte/Desktop/moshte/Firmware projects/CubeIDE/Workspace/semgdaq_/Firmware/semgdaq/Drivers/CMSIS/DSP/Include" -I../Drivers/STM32G4xx_HAL_Driver/Inc -I../Drivers/STM32G4xx_HAL_Driver/Inc/Legacy -I../Drivers/CMSIS/Device/ST/STM32G4xx/Include -I../Drivers/CMSIS/Include -O0 -ffunction-sections -fdata-sections -Wall -fstack-usage -fcyclomatic-complexity -MMD -MP -MF"Core/Src/main.d" -MT"Core/Src/main.o" --specs=nano.specs -mfpu=fpv4-sp-d16 -mfloat-abi=hard -mthumb -o "Core/Src/main.o"
arm-none-eabi-gcc -o "semgdaq.elf" @"objects.list"  -larm_cortexM4lf_math -mcpu=cortex-m4 -T"C:\Users\moshte\Desktop\moshte\Firmware projects\CubeIDE\Workspace\semgdaq_\Firmware\semgdaq\STM32G4A1VETX_FLASH.ld" --specs=nosys.specs -Wl,-Map="semgdaq.map" -Wl,--gc-sections -static -L"C:\Users\moshte\Desktop\moshte\Firmware projects\CubeIDE\Workspace\semgdaq_\Firmware\semgdaq\Drivers\CMSIS\Lib\GCC" --specs=nano.specs -mfpu=fpv4-sp-d16 -mfloat-abi=hard -mthumb -Wl,--start-group -lc -lm -Wl,--end-group
Finished building target: semgdaq.elf
 
arm-none-eabi-size  semgdaq.elf 
arm-none-eabi-objdump -h -S semgdaq.elf  > "semgdaq.list"
   text	   data	    bss	    dec	    hex	filename
  21388	  30812	   2580	  54780	   d5fc	semgdaq.elf
Finished building: default.size.stdout
 
Finished building: semgdaq.list
 
13:12:42 **** Incremental Build of configuration Debug for project semgdaq ****
make -j8 all 
arm-none-eabi-gcc "../Core/Src/_ADCn_INx_MA.c" -mcpu=cortex-m4 -std=gnu11 -g3 -DDEBUG -DARM_MATH_CM4 -DUSE_HAL_DRIVER -DSTM32G4A1xx -c -I../Core/Inc -I"C:/Users/moshte/Desktop/moshte/Firmware projects/CubeIDE/Workspace/semgdaq_/Firmware/semgdaq/Drivers/CMSIS/DSP/Include" -I../Drivers/STM32G4xx_HAL_Driver/Inc -I../Drivers/STM32G4xx_HAL_Driver/Inc/Legacy -I../Drivers/CMSIS/Device/ST/STM32G4xx/Include -I../Drivers/CMSIS/Include -O0 -ffunction-sections -fdata-sections -Wall -fstack-usage -fcyclomatic-complexity -MMD -MP -MF"Core/Src/_ADCn_INx_MA.d" -MT"Core/Src/_ADCn_INx_MA.o" --specs=nano.specs -mfpu=fpv4-sp-d16 -mfloat-abi=hard -mthumb -o "Core/Src/_ADCn_INx_MA.o"
arm-none-eabi-gcc "../Core/Src/main.c" -mcpu=cortex-m4 -std=gnu11 -g3 -DDEBUG -DARM_MATH_CM4 -DUSE_HAL_DRIVER -DSTM32G4A1xx -c -I../Core/Inc -I"C:/Users/moshte/Desktop/moshte/Firmware projects/CubeIDE/Workspace/semgdaq_/Firmware/semgdaq/Drivers/CMSIS/DSP/Include" -I../Drivers/STM32G4xx_HAL_Driver/Inc -I../Drivers/STM32G4xx_HAL_Driver/Inc/Legacy -I../Drivers/CMSIS/Device/ST/STM32G4xx/Include -I../Drivers/CMSIS/Include -O0 -ffunction-sections -fdata-sections -Wall -fstack-usage -fcyclomatic-complexity -MMD -MP -MF"Core/Src/main.d" -MT"Core/Src/main.o" --specs=nano.specs -mfpu=fpv4-sp-d16 -mfloat-abi=hard -mthumb -o "Core/Src/main.o"
arm-none-eabi-gcc -o "semgdaq.elf" @"objects.list"  -larm_cortexM4lf_math -mcpu=cortex-m4 -T"C:\Users\moshte\Desktop\moshte\Firmware projects\CubeIDE\Workspace\semgdaq_\Firmware\semgdaq\STM32G4A1VETX_FLASH.ld" --specs=nosys.specs -Wl,-Map="semgdaq.map" -Wl,--gc-sections -static -L"C:\Users\moshte\Desktop\moshte\Firmware projects\CubeIDE\Workspace\semgdaq_\Firmware\semgdaq\Drivers\CMSIS\Lib\GCC" --specs=nano.specs -mfpu=fpv4-sp-d16 -mfloat-abi=hard -mthumb -Wl,--start-group -lc -lm -Wl,--end-group
Finished building target: semgdaq.elf
 
arm-none-eabi-size  semgdaq.elf 
arm-none-eabi-objdump -h -S semgdaq.elf  > "semgdaq.list"
   text	   data	    bss	    dec	    hex	filename
  21388	  30812	   2580	  54780	   d5fc	semgdaq.elf
Finished building: default.size.stdout
 
Finished building: semgdaq.list
 
13:14:34 **** Incremental Build of configuration Debug for project semgdaq ****
make -j8 all 
arm-none-eabi-gcc "../Core/Src/_ADCn_INx_MA.c" -mcpu=cortex-m4 -std=gnu11 -g3 -DDEBUG -DARM_MATH_CM4 -DUSE_HAL_DRIVER -DSTM32G4A1xx -c -I../Core/Inc -I"C:/Users/moshte/Desktop/moshte/Firmware projects/CubeIDE/Workspace/semgdaq_/Firmware/semgdaq/Drivers/CMSIS/DSP/Include" -I../Drivers/STM32G4xx_HAL_Driver/Inc -I../Drivers/STM32G4xx_HAL_Driver/Inc/Legacy -I../Drivers/CMSIS/Device/ST/STM32G4xx/Include -I../Drivers/CMSIS/Include -O0 -ffunction-sections -fdata-sections -Wall -fstack-usage -fcyclomatic-complexity -MMD -MP -MF"Core/Src/_ADCn_INx_MA.d" -MT"Core/Src/_ADCn_INx_MA.o" --specs=nano.specs -mfpu=fpv4-sp-d16 -mfloat-abi=hard -mthumb -o "Core/Src/_ADCn_INx_MA.o"
arm-none-eabi-gcc -o "semgdaq.elf" @"objects.list"  -larm_cortexM4lf_math -mcpu=cortex-m4 -T"C:\Users\moshte\Desktop\moshte\Firmware projects\CubeIDE\Workspace\semgdaq_\Firmware\semgdaq\STM32G4A1VETX_FLASH.ld" --specs=nosys.specs -Wl,-Map="semgdaq.map" -Wl,--gc-sections -static -L"C:\Users\moshte\Desktop\moshte\Firmware projects\CubeIDE\Workspace\semgdaq_\Firmware\semgdaq\Drivers\CMSIS\Lib\GCC" --specs=nano.specs -mfpu=fpv4-sp-d16 -mfloat-abi=hard -mthumb -Wl,--start-group -lc -lm -Wl,--end-group
Finished building target: semgdaq.elf
 
arm-none-eabi-size  semgdaq.elf 
arm-none-eabi-objdump -h -S semgdaq.elf  > "semgdaq.list"
   text	   data	    bss	    dec	    hex	filename
  21388	  30812	   2580	  54780	   d5fc	semgdaq.elf
Finished building: default.size.stdout
 
Finished building: semgdaq.list
 
13:15:31 **** Incremental Build of configuration Debug for project semgdaq ****
make -j8 all 
arm-none-eabi-gcc "../Core/Src/_ADCn_INx_MA.c" -mcpu=cortex-m4 -std=gnu11 -g3 -DDEBUG -DARM_MATH_CM4 -DUSE_HAL_DRIVER -DSTM32G4A1xx -c -I../Core/Inc -I"C:/Users/moshte/Desktop/moshte/Firmware projects/CubeIDE/Workspace/semgdaq_/Firmware/semgdaq/Drivers/CMSIS/DSP/Include" -I../Drivers/STM32G4xx_HAL_Driver/Inc -I../Drivers/STM32G4xx_HAL_Driver/Inc/Legacy -I../Drivers/CMSIS/Device/ST/STM32G4xx/Include -I../Drivers/CMSIS/Include -O0 -ffunction-sections -fdata-sections -Wall -fstack-usage -fcyclomatic-complexity -MMD -MP -MF"Core/Src/_ADCn_INx_MA.d" -MT"Core/Src/_ADCn_INx_MA.o" --specs=nano.specs -mfpu=fpv4-sp-d16 -mfloat-abi=hard -mthumb -o "Core/Src/_ADCn_INx_MA.o"
arm-none-eabi-gcc -o "semgdaq.elf" @"objects.list"  -larm_cortexM4lf_math -mcpu=cortex-m4 -T"C:\Users\moshte\Desktop\moshte\Firmware projects\CubeIDE\Workspace\semgdaq_\Firmware\semgdaq\STM32G4A1VETX_FLASH.ld" --specs=nosys.specs -Wl,-Map="semgdaq.map" -Wl,--gc-sections -static -L"C:\Users\moshte\Desktop\moshte\Firmware projects\CubeIDE\Workspace\semgdaq_\Firmware\semgdaq\Drivers\CMSIS\Lib\GCC" --specs=nano.specs -mfpu=fpv4-sp-d16 -mfloat-abi=hard -mthumb -Wl,--start-group -lc -lm -Wl,--end-group
Finished building target: semgdaq.elf
 
arm-none-eabi-size  semgdaq.elf 
arm-none-eabi-objdump -h -S semgdaq.elf  > "semgdaq.list"
   text	   data	    bss	    dec	    hex	filename
  21388	  30812	   2580	  54780	   d5fc	semgdaq.elf
Finished building: default.size.stdout
 
Finished building: semgdaq.list
 
13:16:15 **** Incremental Build of configuration Debug for project semgdaq ****
make -j8 all 
arm-none-eabi-gcc "../Core/Src/_ADCn_INx_MA.c" -mcpu=cortex-m4 -std=gnu11 -g3 -DDEBUG -DARM_MATH_CM4 -DUSE_HAL_DRIVER -DSTM32G4A1xx -c -I../Core/Inc -I"C:/Users/moshte/Desktop/moshte/Firmware projects/CubeIDE/Workspace/semgdaq_/Firmware/semgdaq/Drivers/CMSIS/DSP/Include" -I../Drivers/STM32G4xx_HAL_Driver/Inc -I../Drivers/STM32G4xx_HAL_Driver/Inc/Legacy -I../Drivers/CMSIS/Device/ST/STM32G4xx/Include -I../Drivers/CMSIS/Include -O0 -ffunction-sections -fdata-sections -Wall -fstack-usage -fcyclomatic-complexity -MMD -MP -MF"Core/Src/_ADCn_INx_MA.d" -MT"Core/Src/_ADCn_INx_MA.o" --specs=nano.specs -mfpu=fpv4-sp-d16 -mfloat-abi=hard -mthumb -o "Core/Src/_ADCn_INx_MA.o"
arm-none-eabi-gcc -o "semgdaq.elf" @"objects.list"  -larm_cortexM4lf_math -mcpu=cortex-m4 -T"C:\Users\moshte\Desktop\moshte\Firmware projects\CubeIDE\Workspace\semgdaq_\Firmware\semgdaq\STM32G4A1VETX_FLASH.ld" --specs=nosys.specs -Wl,-Map="semgdaq.map" -Wl,--gc-sections -static -L"C:\Users\moshte\Desktop\moshte\Firmware projects\CubeIDE\Workspace\semgdaq_\Firmware\semgdaq\Drivers\CMSIS\Lib\GCC" --specs=nano.specs -mfpu=fpv4-sp-d16 -mfloat-abi=hard -mthumb -Wl,--start-group -lc -lm -Wl,--end-group
Finished building target: semgdaq.elf
 
arm-none-eabi-size  semgdaq.elf 
arm-none-eabi-objdump -h -S semgdaq.elf  > "semgdaq.list"
   text	   data	    bss	    dec	    hex	filename
  21388	  30812	   2580	  54780	   d5fc	semgdaq.elf
Finished building: default.size.stdout
 
Finished building: semgdaq.list
 
13:30:49 **** Incremental Build of configuration Debug for project semgdaq ****
make -j8 all 
arm-none-eabi-gcc "../Core/Src/_ADCn_INx_MA.c" -mcpu=cortex-m4 -std=gnu11 -g3 -DDEBUG -DARM_MATH_CM4 -DUSE_HAL_DRIVER -DSTM32G4A1xx -c -I../Core/Inc -I"C:/Users/moshte/Desktop/moshte/Firmware projects/CubeIDE/Workspace/semgdaq_/Firmware/semgdaq/Drivers/CMSIS/DSP/Include" -I../Drivers/STM32G4xx_HAL_Driver/Inc -I../Drivers/STM32G4xx_HAL_Driver/Inc/Legacy -I../Drivers/CMSIS/Device/ST/STM32G4xx/Include -I../Drivers/CMSIS/Include -O0 -ffunction-sections -fdata-sections -Wall -fstack-usage -fcyclomatic-complexity -MMD -MP -MF"Core/Src/_ADCn_INx_MA.d" -MT"Core/Src/_ADCn_INx_MA.o" --specs=nano.specs -mfpu=fpv4-sp-d16 -mfloat-abi=hard -mthumb -o "Core/Src/_ADCn_INx_MA.o"
arm-none-eabi-gcc "../Core/Src/main.c" -mcpu=cortex-m4 -std=gnu11 -g3 -DDEBUG -DARM_MATH_CM4 -DUSE_HAL_DRIVER -DSTM32G4A1xx -c -I../Core/Inc -I"C:/Users/moshte/Desktop/moshte/Firmware projects/CubeIDE/Workspace/semgdaq_/Firmware/semgdaq/Drivers/CMSIS/DSP/Include" -I../Drivers/STM32G4xx_HAL_Driver/Inc -I../Drivers/STM32G4xx_HAL_Driver/Inc/Legacy -I../Drivers/CMSIS/Device/ST/STM32G4xx/Include -I../Drivers/CMSIS/Include -O0 -ffunction-sections -fdata-sections -Wall -fstack-usage -fcyclomatic-complexity -MMD -MP -MF"Core/Src/main.d" -MT"Core/Src/main.o" --specs=nano.specs -mfpu=fpv4-sp-d16 -mfloat-abi=hard -mthumb -o "Core/Src/main.o"
arm-none-eabi-gcc -o "semgdaq.elf" @"objects.list"  -larm_cortexM4lf_math -mcpu=cortex-m4 -T"C:\Users\moshte\Desktop\moshte\Firmware projects\CubeIDE\Workspace\semgdaq_\Firmware\semgdaq\STM32G4A1VETX_FLASH.ld" --specs=nosys.specs -Wl,-Map="semgdaq.map" -Wl,--gc-sections -static -L"C:\Users\moshte\Desktop\moshte\Firmware projects\CubeIDE\Workspace\semgdaq_\Firmware\semgdaq\Drivers\CMSIS\Lib\GCC" --specs=nano.specs -mfpu=fpv4-sp-d16 -mfloat-abi=hard -mthumb -Wl,--start-group -lc -lm -Wl,--end-group
Finished building target: semgdaq.elf
 
arm-none-eabi-size  semgdaq.elf 
arm-none-eabi-objdump -h -S semgdaq.elf  > "semgdaq.list"
   text	   data	    bss	    dec	    hex	filename
  21388	  30812	   2580	  54780	   d5fc	semgdaq.elf
Finished building: default.size.stdout
 
Finished building: semgdaq.list
 
13:34:13 **** Incremental Build of configuration Debug for project semgdaq ****
make -j8 all 
arm-none-eabi-gcc "../Core/Src/_ADCn_INx_MA.c" -mcpu=cortex-m4 -std=gnu11 -g3 -DDEBUG -DARM_MATH_CM4 -DUSE_HAL_DRIVER -DSTM32G4A1xx -c -I../Core/Inc -I"C:/Users/moshte/Desktop/moshte/Firmware projects/CubeIDE/Workspace/semgdaq_/Firmware/semgdaq/Drivers/CMSIS/DSP/Include" -I../Drivers/STM32G4xx_HAL_Driver/Inc -I../Drivers/STM32G4xx_HAL_Driver/Inc/Legacy -I../Drivers/CMSIS/Device/ST/STM32G4xx/Include -I../Drivers/CMSIS/Include -O0 -ffunction-sections -fdata-sections -Wall -fstack-usage -fcyclomatic-complexity -MMD -MP -MF"Core/Src/_ADCn_INx_MA.d" -MT"Core/Src/_ADCn_INx_MA.o" --specs=nano.specs -mfpu=fpv4-sp-d16 -mfloat-abi=hard -mthumb -o "Core/Src/_ADCn_INx_MA.o"
arm-none-eabi-gcc "../Core/Src/main.c" -mcpu=cortex-m4 -std=gnu11 -g3 -DDEBUG -DARM_MATH_CM4 -DUSE_HAL_DRIVER -DSTM32G4A1xx -c -I../Core/Inc -I"C:/Users/moshte/Desktop/moshte/Firmware projects/CubeIDE/Workspace/semgdaq_/Firmware/semgdaq/Drivers/CMSIS/DSP/Include" -I../Drivers/STM32G4xx_HAL_Driver/Inc -I../Drivers/STM32G4xx_HAL_Driver/Inc/Legacy -I../Drivers/CMSIS/Device/ST/STM32G4xx/Include -I../Drivers/CMSIS/Include -O0 -ffunction-sections -fdata-sections -Wall -fstack-usage -fcyclomatic-complexity -MMD -MP -MF"Core/Src/main.d" -MT"Core/Src/main.o" --specs=nano.specs -mfpu=fpv4-sp-d16 -mfloat-abi=hard -mthumb -o "Core/Src/main.o"
arm-none-eabi-gcc -o "semgdaq.elf" @"objects.list"  -larm_cortexM4lf_math -mcpu=cortex-m4 -T"C:\Users\moshte\Desktop\moshte\Firmware projects\CubeIDE\Workspace\semgdaq_\Firmware\semgdaq\STM32G4A1VETX_FLASH.ld" --specs=nosys.specs -Wl,-Map="semgdaq.map" -Wl,--gc-sections -static -L"C:\Users\moshte\Desktop\moshte\Firmware projects\CubeIDE\Workspace\semgdaq_\Firmware\semgdaq\Drivers\CMSIS\Lib\GCC" --specs=nano.specs -mfpu=fpv4-sp-d16 -mfloat-abi=hard -mthumb -Wl,--start-group -lc -lm -Wl,--end-group
Finished building target: semgdaq.elf
 
arm-none-eabi-size  semgdaq.elf 
arm-none-eabi-objdump -h -S semgdaq.elf  > "semgdaq.list"
   text	   data	    bss	    dec	    hex	filename
  21388	  30812	   2580	  54780	   d5fc	semgdaq.elf
Finished building: default.size.stdout
 
Finished building: semgdaq.list
 
13:41:32 **** Incremental Build of configuration Debug for project semgdaq ****
make -j8 all 
arm-none-eabi-gcc "../Core/Src/_ADCn_INx_MA.c" -mcpu=cortex-m4 -std=gnu11 -g3 -DDEBUG -DARM_MATH_CM4 -DUSE_HAL_DRIVER -DSTM32G4A1xx -c -I../Core/Inc -I"C:/Users/moshte/Desktop/moshte/Firmware projects/CubeIDE/Workspace/semgdaq_/Firmware/semgdaq/Drivers/CMSIS/DSP/Include" -I../Drivers/STM32G4xx_HAL_Driver/Inc -I../Drivers/STM32G4xx_HAL_Driver/Inc/Legacy -I../Drivers/CMSIS/Device/ST/STM32G4xx/Include -I../Drivers/CMSIS/Include -O0 -ffunction-sections -fdata-sections -Wall -fstack-usage -fcyclomatic-complexity -MMD -MP -MF"Core/Src/_ADCn_INx_MA.d" -MT"Core/Src/_ADCn_INx_MA.o" --specs=nano.specs -mfpu=fpv4-sp-d16 -mfloat-abi=hard -mthumb -o "Core/Src/_ADCn_INx_MA.o"
arm-none-eabi-gcc "../Core/Src/main.c" -mcpu=cortex-m4 -std=gnu11 -g3 -DDEBUG -DARM_MATH_CM4 -DUSE_HAL_DRIVER -DSTM32G4A1xx -c -I../Core/Inc -I"C:/Users/moshte/Desktop/moshte/Firmware projects/CubeIDE/Workspace/semgdaq_/Firmware/semgdaq/Drivers/CMSIS/DSP/Include" -I../Drivers/STM32G4xx_HAL_Driver/Inc -I../Drivers/STM32G4xx_HAL_Driver/Inc/Legacy -I../Drivers/CMSIS/Device/ST/STM32G4xx/Include -I../Drivers/CMSIS/Include -O0 -ffunction-sections -fdata-sections -Wall -fstack-usage -fcyclomatic-complexity -MMD -MP -MF"Core/Src/main.d" -MT"Core/Src/main.o" --specs=nano.specs -mfpu=fpv4-sp-d16 -mfloat-abi=hard -mthumb -o "Core/Src/main.o"
arm-none-eabi-gcc -o "semgdaq.elf" @"objects.list"  -larm_cortexM4lf_math -mcpu=cortex-m4 -T"C:\Users\moshte\Desktop\moshte\Firmware projects\CubeIDE\Workspace\semgdaq_\Firmware\semgdaq\STM32G4A1VETX_FLASH.ld" --specs=nosys.specs -Wl,-Map="semgdaq.map" -Wl,--gc-sections -static -L"C:\Users\moshte\Desktop\moshte\Firmware projects\CubeIDE\Workspace\semgdaq_\Firmware\semgdaq\Drivers\CMSIS\Lib\GCC" --specs=nano.specs -mfpu=fpv4-sp-d16 -mfloat-abi=hard -mthumb -Wl,--start-group -lc -lm -Wl,--end-group
Finished building target: semgdaq.elf
 
arm-none-eabi-size  semgdaq.elf 
arm-none-eabi-objdump -h -S semgdaq.elf  > "semgdaq.list"
   text	   data	    bss	    dec	    hex	filename
  21388	  30812	   2580	  54780	   d5fc	semgdaq.elf
Finished building: default.size.stdout
 
Finished building: semgdaq.list
 
13:51:02 **** Incremental Build of configuration Debug for project semgdaq ****
make -j8 all 
arm-none-eabi-gcc "../Core/Src/_ADCn_INx_MA.c" -mcpu=cortex-m4 -std=gnu11 -g3 -DDEBUG -DARM_MATH_CM4 -DUSE_HAL_DRIVER -DSTM32G4A1xx -c -I../Core/Inc -I"C:/Users/moshte/Desktop/moshte/Firmware projects/CubeIDE/Workspace/semgdaq_/Firmware/semgdaq/Drivers/CMSIS/DSP/Include" -I../Drivers/STM32G4xx_HAL_Driver/Inc -I../Drivers/STM32G4xx_HAL_Driver/Inc/Legacy -I../Drivers/CMSIS/Device/ST/STM32G4xx/Include -I../Drivers/CMSIS/Include -O0 -ffunction-sections -fdata-sections -Wall -fstack-usage -fcyclomatic-complexity -MMD -MP -MF"Core/Src/_ADCn_INx_MA.d" -MT"Core/Src/_ADCn_INx_MA.o" --specs=nano.specs -mfpu=fpv4-sp-d16 -mfloat-abi=hard -mthumb -o "Core/Src/_ADCn_INx_MA.o"
arm-none-eabi-gcc "../Core/Src/main.c" -mcpu=cortex-m4 -std=gnu11 -g3 -DDEBUG -DARM_MATH_CM4 -DUSE_HAL_DRIVER -DSTM32G4A1xx -c -I../Core/Inc -I"C:/Users/moshte/Desktop/moshte/Firmware projects/CubeIDE/Workspace/semgdaq_/Firmware/semgdaq/Drivers/CMSIS/DSP/Include" -I../Drivers/STM32G4xx_HAL_Driver/Inc -I../Drivers/STM32G4xx_HAL_Driver/Inc/Legacy -I../Drivers/CMSIS/Device/ST/STM32G4xx/Include -I../Drivers/CMSIS/Include -O0 -ffunction-sections -fdata-sections -Wall -fstack-usage -fcyclomatic-complexity -MMD -MP -MF"Core/Src/main.d" -MT"Core/Src/main.o" --specs=nano.specs -mfpu=fpv4-sp-d16 -mfloat-abi=hard -mthumb -o "Core/Src/main.o"
arm-none-eabi-gcc -o "semgdaq.elf" @"objects.list"  -larm_cortexM4lf_math -mcpu=cortex-m4 -T"C:\Users\moshte\Desktop\moshte\Firmware projects\CubeIDE\Workspace\semgdaq_\Firmware\semgdaq\STM32G4A1VETX_FLASH.ld" --specs=nosys.specs -Wl,-Map="semgdaq.map" -Wl,--gc-sections -static -L"C:\Users\moshte\Desktop\moshte\Firmware projects\CubeIDE\Workspace\semgdaq_\Firmware\semgdaq\Drivers\CMSIS\Lib\GCC" --specs=nano.specs -mfpu=fpv4-sp-d16 -mfloat-abi=hard -mthumb -Wl,--start-group -lc -lm -Wl,--end-group
Finished building target: semgdaq.elf
 
arm-none-eabi-size  semgdaq.elf 
arm-none-eabi-objdump -h -S semgdaq.elf  > "semgdaq.list"
   text	   data	    bss	    dec	    hex	filename
  21388	  30812	   2580	  54780	   d5fc	semgdaq.elf
Finished building: default.size.stdout
 
Finished building: semgdaq.list
 
13:56:38 **** Incremental Build of configuration Debug for project semgdaq ****
make -j8 all 
arm-none-eabi-gcc "../Core/Src/_ADCn_INx_MA.c" -mcpu=cortex-m4 -std=gnu11 -g3 -DDEBUG -DARM_MATH_CM4 -DUSE_HAL_DRIVER -DSTM32G4A1xx -c -I../Core/Inc -I"C:/Users/moshte/Desktop/moshte/Firmware projects/CubeIDE/Workspace/semgdaq_/Firmware/semgdaq/Drivers/CMSIS/DSP/Include" -I../Drivers/STM32G4xx_HAL_Driver/Inc -I../Drivers/STM32G4xx_HAL_Driver/Inc/Legacy -I../Drivers/CMSIS/Device/ST/STM32G4xx/Include -I../Drivers/CMSIS/Include -O0 -ffunction-sections -fdata-sections -Wall -fstack-usage -fcyclomatic-complexity -MMD -MP -MF"Core/Src/_ADCn_INx_MA.d" -MT"Core/Src/_ADCn_INx_MA.o" --specs=nano.specs -mfpu=fpv4-sp-d16 -mfloat-abi=hard -mthumb -o "Core/Src/_ADCn_INx_MA.o"
arm-none-eabi-gcc "../Core/Src/main.c" -mcpu=cortex-m4 -std=gnu11 -g3 -DDEBUG -DARM_MATH_CM4 -DUSE_HAL_DRIVER -DSTM32G4A1xx -c -I../Core/Inc -I"C:/Users/moshte/Desktop/moshte/Firmware projects/CubeIDE/Workspace/semgdaq_/Firmware/semgdaq/Drivers/CMSIS/DSP/Include" -I../Drivers/STM32G4xx_HAL_Driver/Inc -I../Drivers/STM32G4xx_HAL_Driver/Inc/Legacy -I../Drivers/CMSIS/Device/ST/STM32G4xx/Include -I../Drivers/CMSIS/Include -O0 -ffunction-sections -fdata-sections -Wall -fstack-usage -fcyclomatic-complexity -MMD -MP -MF"Core/Src/main.d" -MT"Core/Src/main.o" --specs=nano.specs -mfpu=fpv4-sp-d16 -mfloat-abi=hard -mthumb -o "Core/Src/main.o"
arm-none-eabi-gcc -o "semgdaq.elf" @"objects.list"  -larm_cortexM4lf_math -mcpu=cortex-m4 -T"C:\Users\moshte\Desktop\moshte\Firmware projects\CubeIDE\Workspace\semgdaq_\Firmware\semgdaq\STM32G4A1VETX_FLASH.ld" --specs=nosys.specs -Wl,-Map="semgdaq.map" -Wl,--gc-sections -static -L"C:\Users\moshte\Desktop\moshte\Firmware projects\CubeIDE\Workspace\semgdaq_\Firmware\semgdaq\Drivers\CMSIS\Lib\GCC" --specs=nano.specs -mfpu=fpv4-sp-d16 -mfloat-abi=hard -mthumb -Wl,--start-group -lc -lm -Wl,--end-group
Finished building target: semgdaq.elf
 
arm-none-eabi-size  semgdaq.elf 
arm-none-eabi-objdump -h -S semgdaq.elf  > "semgdaq.list"
   text	   data	    bss	    dec	    hex	filename
  21388	  30812	   2580	  54780	   d5fc	semgdaq.elf
Finished building: default.size.stdout
 
Finished building: semgdaq.list
 
14:01:47 **** Incremental Build of configuration Debug for project semgdaq ****
make -j8 all 
arm-none-eabi-gcc "../Core/Src/_ADCn_INx_MA.c" -mcpu=cortex-m4 -std=gnu11 -g3 -DDEBUG -DARM_MATH_CM4 -DUSE_HAL_DRIVER -DSTM32G4A1xx -c -I../Core/Inc -I"C:/Users/moshte/Desktop/moshte/Firmware projects/CubeIDE/Workspace/semgdaq_/Firmware/semgdaq/Drivers/CMSIS/DSP/Include" -I../Drivers/STM32G4xx_HAL_Driver/Inc -I../Drivers/STM32G4xx_HAL_Driver/Inc/Legacy -I../Drivers/CMSIS/Device/ST/STM32G4xx/Include -I../Drivers/CMSIS/Include -O0 -ffunction-sections -fdata-sections -Wall -fstack-usage -fcyclomatic-complexity -MMD -MP -MF"Core/Src/_ADCn_INx_MA.d" -MT"Core/Src/_ADCn_INx_MA.o" --specs=nano.specs -mfpu=fpv4-sp-d16 -mfloat-abi=hard -mthumb -o "Core/Src/_ADCn_INx_MA.o"
../Core/Src/_ADCn_INx_MA.c: In function 'MA_ADC2_IN3_Update':
../Core/Src/_ADCn_INx_MA.c:203:112: error: 'SumIndex_1' undeclared (first use in this function); did you mean 'SumIndex_3'?
  203 |             ADC2_IN3_MA_ptr->MA_ADC2_IN3_OutBfr[u] += MA_IMPULSERESPONSE[r] * ADC2_IN3_MA_ptr->MA_ADC2_IN3_bfr[SumIndex_1];
      |                                                                                                                ^~~~~~~~~~
      |                                                                                                                SumIndex_3
../Core/Src/_ADCn_INx_MA.c:203:112: note: each undeclared identifier is reported only once for each function it appears in
make: *** [Core/Src/subdir.mk:43: Core/Src/_ADCn_INx_MA.o] Error 1
"make -j8 all" terminated with exit code 2. Build might be incomplete.
14:01:58 **** Incremental Build of configuration Debug for project semgdaq ****
make -j8 all 
arm-none-eabi-gcc "../Core/Src/_ADCn_INx_MA.c" -mcpu=cortex-m4 -std=gnu11 -g3 -DDEBUG -DARM_MATH_CM4 -DUSE_HAL_DRIVER -DSTM32G4A1xx -c -I../Core/Inc -I"C:/Users/moshte/Desktop/moshte/Firmware projects/CubeIDE/Workspace/semgdaq_/Firmware/semgdaq/Drivers/CMSIS/DSP/Include" -I../Drivers/STM32G4xx_HAL_Driver/Inc -I../Drivers/STM32G4xx_HAL_Driver/Inc/Legacy -I../Drivers/CMSIS/Device/ST/STM32G4xx/Include -I../Drivers/CMSIS/Include -O0 -ffunction-sections -fdata-sections -Wall -fstack-usage -fcyclomatic-complexity -MMD -MP -MF"Core/Src/_ADCn_INx_MA.d" -MT"Core/Src/_ADCn_INx_MA.o" --specs=nano.specs -mfpu=fpv4-sp-d16 -mfloat-abi=hard -mthumb -o "Core/Src/_ADCn_INx_MA.o"
arm-none-eabi-gcc -o "semgdaq.elf" @"objects.list"  -larm_cortexM4lf_math -mcpu=cortex-m4 -T"C:\Users\moshte\Desktop\moshte\Firmware projects\CubeIDE\Workspace\semgdaq_\Firmware\semgdaq\STM32G4A1VETX_FLASH.ld" --specs=nosys.specs -Wl,-Map="semgdaq.map" -Wl,--gc-sections -static -L"C:\Users\moshte\Desktop\moshte\Firmware projects\CubeIDE\Workspace\semgdaq_\Firmware\semgdaq\Drivers\CMSIS\Lib\GCC" --specs=nano.specs -mfpu=fpv4-sp-d16 -mfloat-abi=hard -mthumb -Wl,--start-group -lc -lm -Wl,--end-group
Finished building target: semgdaq.elf
 
arm-none-eabi-size  semgdaq.elf 
arm-none-eabi-objdump -h -S semgdaq.elf  > "semgdaq.list"
   text	   data	    bss	    dec	    hex	filename
  21388	  30812	   2580	  54780	   d5fc	semgdaq.elf
Finished building: default.size.stdout
 
Finished building: semgdaq.list
 
14:05:03 **** Incremental Build of configuration Debug for project semgdaq ****
make -j8 all 
arm-none-eabi-gcc "../Core/Src/_ADCn_INx_MA.c" -mcpu=cortex-m4 -std=gnu11 -g3 -DDEBUG -DARM_MATH_CM4 -DUSE_HAL_DRIVER -DSTM32G4A1xx -c -I../Core/Inc -I"C:/Users/moshte/Desktop/moshte/Firmware projects/CubeIDE/Workspace/semgdaq_/Firmware/semgdaq/Drivers/CMSIS/DSP/Include" -I../Drivers/STM32G4xx_HAL_Driver/Inc -I../Drivers/STM32G4xx_HAL_Driver/Inc/Legacy -I../Drivers/CMSIS/Device/ST/STM32G4xx/Include -I../Drivers/CMSIS/Include -O0 -ffunction-sections -fdata-sections -Wall -fstack-usage -fcyclomatic-complexity -MMD -MP -MF"Core/Src/_ADCn_INx_MA.d" -MT"Core/Src/_ADCn_INx_MA.o" --specs=nano.specs -mfpu=fpv4-sp-d16 -mfloat-abi=hard -mthumb -o "Core/Src/_ADCn_INx_MA.o"
arm-none-eabi-gcc -o "semgdaq.elf" @"objects.list"  -larm_cortexM4lf_math -mcpu=cortex-m4 -T"C:\Users\moshte\Desktop\moshte\Firmware projects\CubeIDE\Workspace\semgdaq_\Firmware\semgdaq\STM32G4A1VETX_FLASH.ld" --specs=nosys.specs -Wl,-Map="semgdaq.map" -Wl,--gc-sections -static -L"C:\Users\moshte\Desktop\moshte\Firmware projects\CubeIDE\Workspace\semgdaq_\Firmware\semgdaq\Drivers\CMSIS\Lib\GCC" --specs=nano.specs -mfpu=fpv4-sp-d16 -mfloat-abi=hard -mthumb -Wl,--start-group -lc -lm -Wl,--end-group
Finished building target: semgdaq.elf
 
arm-none-eabi-size  semgdaq.elf 
arm-none-eabi-objdump -h -S semgdaq.elf  > "semgdaq.list"
   text	   data	    bss	    dec	    hex	filename
  21388	  30812	   2580	  54780	   d5fc	semgdaq.elf
Finished building: default.size.stdout
 
Finished building: semgdaq.list
 
14:09:43 **** Incremental Build of configuration Debug for project semgdaq ****
make -j8 all 
arm-none-eabi-gcc "../Core/Src/_ADCn_INx_MA.c" -mcpu=cortex-m4 -std=gnu11 -g3 -DDEBUG -DARM_MATH_CM4 -DUSE_HAL_DRIVER -DSTM32G4A1xx -c -I../Core/Inc -I"C:/Users/moshte/Desktop/moshte/Firmware projects/CubeIDE/Workspace/semgdaq_/Firmware/semgdaq/Drivers/CMSIS/DSP/Include" -I../Drivers/STM32G4xx_HAL_Driver/Inc -I../Drivers/STM32G4xx_HAL_Driver/Inc/Legacy -I../Drivers/CMSIS/Device/ST/STM32G4xx/Include -I../Drivers/CMSIS/Include -O0 -ffunction-sections -fdata-sections -Wall -fstack-usage -fcyclomatic-complexity -MMD -MP -MF"Core/Src/_ADCn_INx_MA.d" -MT"Core/Src/_ADCn_INx_MA.o" --specs=nano.specs -mfpu=fpv4-sp-d16 -mfloat-abi=hard -mthumb -o "Core/Src/_ADCn_INx_MA.o"
arm-none-eabi-gcc -o "semgdaq.elf" @"objects.list"  -larm_cortexM4lf_math -mcpu=cortex-m4 -T"C:\Users\moshte\Desktop\moshte\Firmware projects\CubeIDE\Workspace\semgdaq_\Firmware\semgdaq\STM32G4A1VETX_FLASH.ld" --specs=nosys.specs -Wl,-Map="semgdaq.map" -Wl,--gc-sections -static -L"C:\Users\moshte\Desktop\moshte\Firmware projects\CubeIDE\Workspace\semgdaq_\Firmware\semgdaq\Drivers\CMSIS\Lib\GCC" --specs=nano.specs -mfpu=fpv4-sp-d16 -mfloat-abi=hard -mthumb -Wl,--start-group -lc -lm -Wl,--end-group
Finished building target: semgdaq.elf
 
arm-none-eabi-size  semgdaq.elf 
arm-none-eabi-objdump -h -S semgdaq.elf  > "semgdaq.list"
   text	   data	    bss	    dec	    hex	filename
  21388	  30812	   2580	  54780	   d5fc	semgdaq.elf
Finished building: default.size.stdout
 
Finished building: semgdaq.list
 
14:12:18 **** Incremental Build of configuration Debug for project semgdaq ****
make -j8 all 
arm-none-eabi-gcc "../Core/Src/_ADCn_INx_MA.c" -mcpu=cortex-m4 -std=gnu11 -g3 -DDEBUG -DARM_MATH_CM4 -DUSE_HAL_DRIVER -DSTM32G4A1xx -c -I../Core/Inc -I"C:/Users/moshte/Desktop/moshte/Firmware projects/CubeIDE/Workspace/semgdaq_/Firmware/semgdaq/Drivers/CMSIS/DSP/Include" -I../Drivers/STM32G4xx_HAL_Driver/Inc -I../Drivers/STM32G4xx_HAL_Driver/Inc/Legacy -I../Drivers/CMSIS/Device/ST/STM32G4xx/Include -I../Drivers/CMSIS/Include -O0 -ffunction-sections -fdata-sections -Wall -fstack-usage -fcyclomatic-complexity -MMD -MP -MF"Core/Src/_ADCn_INx_MA.d" -MT"Core/Src/_ADCn_INx_MA.o" --specs=nano.specs -mfpu=fpv4-sp-d16 -mfloat-abi=hard -mthumb -o "Core/Src/_ADCn_INx_MA.o"
arm-none-eabi-gcc -o "semgdaq.elf" @"objects.list"  -larm_cortexM4lf_math -mcpu=cortex-m4 -T"C:\Users\moshte\Desktop\moshte\Firmware projects\CubeIDE\Workspace\semgdaq_\Firmware\semgdaq\STM32G4A1VETX_FLASH.ld" --specs=nosys.specs -Wl,-Map="semgdaq.map" -Wl,--gc-sections -static -L"C:\Users\moshte\Desktop\moshte\Firmware projects\CubeIDE\Workspace\semgdaq_\Firmware\semgdaq\Drivers\CMSIS\Lib\GCC" --specs=nano.specs -mfpu=fpv4-sp-d16 -mfloat-abi=hard -mthumb -Wl,--start-group -lc -lm -Wl,--end-group
Finished building target: semgdaq.elf
 
arm-none-eabi-size  semgdaq.elf 
arm-none-eabi-objdump -h -S semgdaq.elf  > "semgdaq.list"
   text	   data	    bss	    dec	    hex	filename
  21388	  30812	   2580	  54780	   d5fc	semgdaq.elf
Finished building: default.size.stdout
 
Finished building: semgdaq.list
 
14:21:04 **** Incremental Build of configuration Debug for project semgdaq ****
make -j8 all 
arm-none-eabi-gcc "../Core/Src/_ADCn_INx_MA.c" -mcpu=cortex-m4 -std=gnu11 -g3 -DDEBUG -DARM_MATH_CM4 -DUSE_HAL_DRIVER -DSTM32G4A1xx -c -I../Core/Inc -I"C:/Users/moshte/Desktop/moshte/Firmware projects/CubeIDE/Workspace/semgdaq_/Firmware/semgdaq/Drivers/CMSIS/DSP/Include" -I../Drivers/STM32G4xx_HAL_Driver/Inc -I../Drivers/STM32G4xx_HAL_Driver/Inc/Legacy -I../Drivers/CMSIS/Device/ST/STM32G4xx/Include -I../Drivers/CMSIS/Include -O0 -ffunction-sections -fdata-sections -Wall -fstack-usage -fcyclomatic-complexity -MMD -MP -MF"Core/Src/_ADCn_INx_MA.d" -MT"Core/Src/_ADCn_INx_MA.o" --specs=nano.specs -mfpu=fpv4-sp-d16 -mfloat-abi=hard -mthumb -o "Core/Src/_ADCn_INx_MA.o"
arm-none-eabi-gcc "../Core/Src/main.c" -mcpu=cortex-m4 -std=gnu11 -g3 -DDEBUG -DARM_MATH_CM4 -DUSE_HAL_DRIVER -DSTM32G4A1xx -c -I../Core/Inc -I"C:/Users/moshte/Desktop/moshte/Firmware projects/CubeIDE/Workspace/semgdaq_/Firmware/semgdaq/Drivers/CMSIS/DSP/Include" -I../Drivers/STM32G4xx_HAL_Driver/Inc -I../Drivers/STM32G4xx_HAL_Driver/Inc/Legacy -I../Drivers/CMSIS/Device/ST/STM32G4xx/Include -I../Drivers/CMSIS/Include -O0 -ffunction-sections -fdata-sections -Wall -fstack-usage -fcyclomatic-complexity -MMD -MP -MF"Core/Src/main.d" -MT"Core/Src/main.o" --specs=nano.specs -mfpu=fpv4-sp-d16 -mfloat-abi=hard -mthumb -o "Core/Src/main.o"
arm-none-eabi-gcc -o "semgdaq.elf" @"objects.list"  -larm_cortexM4lf_math -mcpu=cortex-m4 -T"C:\Users\moshte\Desktop\moshte\Firmware projects\CubeIDE\Workspace\semgdaq_\Firmware\semgdaq\STM32G4A1VETX_FLASH.ld" --specs=nosys.specs -Wl,-Map="semgdaq.map" -Wl,--gc-sections -static -L"C:\Users\moshte\Desktop\moshte\Firmware projects\CubeIDE\Workspace\semgdaq_\Firmware\semgdaq\Drivers\CMSIS\Lib\GCC" --specs=nano.specs -mfpu=fpv4-sp-d16 -mfloat-abi=hard -mthumb -Wl,--start-group -lc -lm -Wl,--end-group
Finished building target: semgdaq.elf
 
arm-none-eabi-size  semgdaq.elf 
arm-none-eabi-objdump -h -S semgdaq.elf  > "semgdaq.list"
   text	   data	    bss	    dec	    hex	filename
  21388	  30812	   2580	  54780	   d5fc	semgdaq.elf
Finished building: default.size.stdout
 
Finished building: semgdaq.list
 
